[debug] [2024-03-28T21:03:43.768Z] ----------------------------------------------------------------------
[debug] [2024-03-28T21:03:43.770Z] Command:       C:\Program Files\nodejs\node.exe C:\Users\bogda\AppData\Roaming\npm\node_modules\firebase-tools\lib\bin\firebase.js init
[debug] [2024-03-28T21:03:43.770Z] CLI Version:   13.6.0
[debug] [2024-03-28T21:03:43.771Z] Platform:      win32
[debug] [2024-03-28T21:03:43.771Z] Node Version:  v20.3.0
[debug] [2024-03-28T21:03:43.771Z] Time:          Thu Mar 28 2024 23:03:43 GMT+0200 (Ora standard a Europei de Est)
[debug] [2024-03-28T21:03:43.771Z] ----------------------------------------------------------------------
[debug] 
[debug] [2024-03-28T21:03:43.779Z] > command requires scopes: ["email","openid","https://www.googleapis.com/auth/cloudplatformprojects.readonly","https://www.googleapis.com/auth/firebase","https://www.googleapis.com/auth/cloud-platform"]
[debug] [2024-03-28T21:03:43.779Z] > authorizing via signed-in user (bogdanlucaci15@gmail.com)
[info] 
     ######## #### ########  ######## ########     ###     ######  ########
     ##        ##  ##     ## ##       ##     ##  ##   ##  ##       ##
     ######    ##  ########  ######   ########  #########  ######  ######
     ##        ##  ##    ##  ##       ##     ## ##     ##       ## ##
     ##       #### ##     ## ######## ########  ##     ##  ######  ########

You're about to initialize a Firebase project in this directory:

  C:\Users\bogda\Desktop\iap\web dev zero to mastery\E-commerceSite\clothesforall

[info] 
=== Project Setup
[info] 
[info] First, let's associate this project directory with a Firebase project.
[info] You can create multiple project aliases by running firebase use --add, 
[info] but for now we'll just set up a default project.
[info] 
[info] i  If you want to create a project in a Google Cloud organization or folder, please use "firebase projects:create" instead, and return to this command when you've created the project. 
[debug] [2024-03-28T21:04:32.044Z] >>> [apiv2][query] POST https://cloudresourcemanager.googleapis.com/v1/projects [none]
[debug] [2024-03-28T21:04:32.044Z] >>> [apiv2][body] POST https://cloudresourcemanager.googleapis.com/v1/projects {"projectId":"clothesforall","name":"clothesforall"}
[debug] [2024-03-28T21:04:32.809Z] <<< [apiv2][status] POST https://cloudresourcemanager.googleapis.com/v1/projects 200
[debug] [2024-03-28T21:04:32.809Z] <<< [apiv2][body] POST https://cloudresourcemanager.googleapis.com/v1/projects {"name":"operations/cp.7078223549089313801"}
[debug] [2024-03-28T21:04:32.810Z] >>> [apiv2][query] GET https://cloudresourcemanager.googleapis.com/v1/operations/cp.7078223549089313801 [none]
[debug] [2024-03-28T21:04:33.770Z] <<< [apiv2][status] GET https://cloudresourcemanager.googleapis.com/v1/operations/cp.7078223549089313801 200
[debug] [2024-03-28T21:04:33.770Z] <<< [apiv2][body] GET https://cloudresourcemanager.googleapis.com/v1/operations/cp.7078223549089313801 {"name":"operations/cp.7078223549089313801"}
[debug] [2024-03-28T21:04:34.285Z] [Project Creation Poller] Retrying task index 0
[debug] [2024-03-28T21:04:34.286Z] >>> [apiv2][query] GET https://cloudresourcemanager.googleapis.com/v1/operations/cp.7078223549089313801 [none]
[debug] [2024-03-28T21:04:34.728Z] <<< [apiv2][status] GET https://cloudresourcemanager.googleapis.com/v1/operations/cp.7078223549089313801 200
[debug] [2024-03-28T21:04:34.729Z] <<< [apiv2][body] GET https://cloudresourcemanager.googleapis.com/v1/operations/cp.7078223549089313801 {"name":"operations/cp.7078223549089313801"}
[debug] [2024-03-28T21:04:35.739Z] [Project Creation Poller] Retrying task index 0
[debug] [2024-03-28T21:04:35.739Z] >>> [apiv2][query] GET https://cloudresourcemanager.googleapis.com/v1/operations/cp.7078223549089313801 [none]
[debug] [2024-03-28T21:04:36.232Z] <<< [apiv2][status] GET https://cloudresourcemanager.googleapis.com/v1/operations/cp.7078223549089313801 200
[debug] [2024-03-28T21:04:36.232Z] <<< [apiv2][body] GET https://cloudresourcemanager.googleapis.com/v1/operations/cp.7078223549089313801 {"name":"operations/cp.7078223549089313801","metadata":{"@type":"type.googleapis.com/google.cloudresourcemanager.v1.ProjectCreationStatus","gettable":true,"ready":true},"done":true,"response":{"@type":"type.googleapis.com/google.cloudresourcemanager.v1.Project","projectNumber":"157084462554","projectId":"clothesforall","lifecycleState":"ACTIVE","name":"clothesforall","createTime":"2024-03-28T21:04:33.616126Z"}}
[debug] [2024-03-28T21:04:36.233Z] >>> [apiv2][query] POST https://firebase.googleapis.com/v1beta1/projects/clothesforall:addFirebase [none]
[debug] [2024-03-28T21:04:40.010Z] <<< [apiv2][status] POST https://firebase.googleapis.com/v1beta1/projects/clothesforall:addFirebase 200
[debug] [2024-03-28T21:04:40.010Z] <<< [apiv2][body] POST https://firebase.googleapis.com/v1beta1/projects/clothesforall:addFirebase {"name":"operations/workflows/MzI1NzdhOWItZDMwMS00NjA5LWI4YmItYjk4MmM3NzVmNTFk"}
[debug] [2024-03-28T21:04:40.011Z] >>> [apiv2][query] GET https://firebase.googleapis.com/v1beta1/operations/workflows/MzI1NzdhOWItZDMwMS00NjA5LWI4YmItYjk4MmM3NzVmNTFk [none]
[debug] [2024-03-28T21:04:44.263Z] <<< [apiv2][status] GET https://firebase.googleapis.com/v1beta1/operations/workflows/MzI1NzdhOWItZDMwMS00NjA5LWI4YmItYjk4MmM3NzVmNTFk 200
[debug] [2024-03-28T21:04:44.263Z] <<< [apiv2][body] GET https://firebase.googleapis.com/v1beta1/operations/workflows/MzI1NzdhOWItZDMwMS00NjA5LWI4YmItYjk4MmM3NzVmNTFk {"name":"operations/workflows/MzI1NzdhOWItZDMwMS00NjA5LWI4YmItYjk4MmM3NzVmNTFk"}
[debug] [2024-03-28T21:04:44.767Z] [Add Firebase Poller] Retrying task index 0
[debug] [2024-03-28T21:04:44.767Z] >>> [apiv2][query] GET https://firebase.googleapis.com/v1beta1/operations/workflows/MzI1NzdhOWItZDMwMS00NjA5LWI4YmItYjk4MmM3NzVmNTFk [none]
[debug] [2024-03-28T21:04:45.604Z] <<< [apiv2][status] GET https://firebase.googleapis.com/v1beta1/operations/workflows/MzI1NzdhOWItZDMwMS00NjA5LWI4YmItYjk4MmM3NzVmNTFk 200
[debug] [2024-03-28T21:04:45.604Z] <<< [apiv2][body] GET https://firebase.googleapis.com/v1beta1/operations/workflows/MzI1NzdhOWItZDMwMS00NjA5LWI4YmItYjk4MmM3NzVmNTFk {"name":"operations/workflows/MzI1NzdhOWItZDMwMS00NjA5LWI4YmItYjk4MmM3NzVmNTFk"}
[debug] [2024-03-28T21:04:46.608Z] [Add Firebase Poller] Retrying task index 0
[debug] [2024-03-28T21:04:46.608Z] >>> [apiv2][query] GET https://firebase.googleapis.com/v1beta1/operations/workflows/MzI1NzdhOWItZDMwMS00NjA5LWI4YmItYjk4MmM3NzVmNTFk [none]
[debug] [2024-03-28T21:04:47.445Z] <<< [apiv2][status] GET https://firebase.googleapis.com/v1beta1/operations/workflows/MzI1NzdhOWItZDMwMS00NjA5LWI4YmItYjk4MmM3NzVmNTFk 200
[debug] [2024-03-28T21:04:47.445Z] <<< [apiv2][body] GET https://firebase.googleapis.com/v1beta1/operations/workflows/MzI1NzdhOWItZDMwMS00NjA5LWI4YmItYjk4MmM3NzVmNTFk {"name":"operations/workflows/MzI1NzdhOWItZDMwMS00NjA5LWI4YmItYjk4MmM3NzVmNTFk"}
[debug] [2024-03-28T21:04:49.450Z] [Add Firebase Poller] Retrying task index 0
[debug] [2024-03-28T21:04:49.451Z] >>> [apiv2][query] GET https://firebase.googleapis.com/v1beta1/operations/workflows/MzI1NzdhOWItZDMwMS00NjA5LWI4YmItYjk4MmM3NzVmNTFk [none]
[debug] [2024-03-28T21:04:50.147Z] <<< [apiv2][status] GET https://firebase.googleapis.com/v1beta1/operations/workflows/MzI1NzdhOWItZDMwMS00NjA5LWI4YmItYjk4MmM3NzVmNTFk 200
[debug] [2024-03-28T21:04:50.147Z] <<< [apiv2][body] GET https://firebase.googleapis.com/v1beta1/operations/workflows/MzI1NzdhOWItZDMwMS00NjA5LWI4YmItYjk4MmM3NzVmNTFk {"name":"operations/workflows/MzI1NzdhOWItZDMwMS00NjA5LWI4YmItYjk4MmM3NzVmNTFk"}
[debug] [2024-03-28T21:04:54.151Z] [Add Firebase Poller] Retrying task index 0
[debug] [2024-03-28T21:04:54.152Z] >>> [apiv2][query] GET https://firebase.googleapis.com/v1beta1/operations/workflows/MzI1NzdhOWItZDMwMS00NjA5LWI4YmItYjk4MmM3NzVmNTFk [none]
[debug] [2024-03-28T21:04:54.807Z] <<< [apiv2][status] GET https://firebase.googleapis.com/v1beta1/operations/workflows/MzI1NzdhOWItZDMwMS00NjA5LWI4YmItYjk4MmM3NzVmNTFk 200
[debug] [2024-03-28T21:04:54.807Z] <<< [apiv2][body] GET https://firebase.googleapis.com/v1beta1/operations/workflows/MzI1NzdhOWItZDMwMS00NjA5LWI4YmItYjk4MmM3NzVmNTFk {"name":"operations/workflows/MzI1NzdhOWItZDMwMS00NjA5LWI4YmItYjk4MmM3NzVmNTFk","done":true,"response":{"@type":"type.googleapis.com/google.firebase.service.v1beta1.FirebaseProject","projectId":"clothesforall","projectNumber":"157084462554","displayName":"clothesforall","name":"projects/clothesforall","resources":{"hostingSite":"clothesforall"}}}
[info] 
[info] === Your Firebase project is ready! ===
[info] 
[info] Project information:
[info]    - Project ID: clothesforall
[info]    - Project Name: clothesforall
[info] 
[info] Firebase console is available at
[info] https://console.firebase.google.com/project/clothesforall/overview
[info] i  Using project clothesforall (clothesforall) 
[info] 
=== Hosting Setup
[debug] [2024-03-28T21:04:54.817Z] >>> [apiv2][query] GET https://firebase.googleapis.com/v1beta1/projects/clothesforall [none]
[debug] [2024-03-28T21:04:55.617Z] <<< [apiv2][status] GET https://firebase.googleapis.com/v1beta1/projects/clothesforall 200
[debug] [2024-03-28T21:04:55.617Z] <<< [apiv2][body] GET https://firebase.googleapis.com/v1beta1/projects/clothesforall {"projectId":"clothesforall","projectNumber":"157084462554","displayName":"clothesforall","name":"projects/clothesforall","resources":{"hostingSite":"clothesforall"},"state":"ACTIVE","etag":"1_75d17a23-378f-4743-a496-44066c48e725"}
[info] 
[info] Your public directory is the folder (relative to your project directory) that
[info] will contain Hosting assets to be uploaded with firebase deploy. If you
[info] have a build process for your assets, use your build's output directory.
[info] 
[debug] [2024-03-28T21:05:35.273Z] >>> [apiv2][query] GET https://www.gstatic.com/firebasejs/releases.json [none]
[debug] [2024-03-28T21:05:35.625Z] <<< [apiv2][status] GET https://www.gstatic.com/firebasejs/releases.json 200
[debug] [2024-03-28T21:05:35.625Z] <<< [apiv2][body] GET https://www.gstatic.com/firebasejs/releases.json {"current":{"version":"10.10.0","browserURL":"https://www.gstatic.com/firebasejs/10.10.0/firebase.js","packageURL":"https://www.gstatic.com/firebasejs/10.10.0/firebase.tgz"},"live":{"version":"10.10","browserURL":"https://www.gstatic.com/firebasejs/live/10.10/firebase.js","packageURL":"https://www.gstatic.com/firebasejs/live/10.10/firebase.tgz"},"components":{"analytics":"https://www.gstatic.com/firebasejs/10.10.0/firebase-analytics.js","app":"https://www.gstatic.com/firebasejs/10.10.0/firebase-app.js","app-check":"https://www.gstatic.com/firebasejs/10.10.0/firebase-app-check.js","auth":"https://www.gstatic.com/firebasejs/10.10.0/firebase-auth.js","auth/cordova":"https://www.gstatic.com/firebasejs/10.10.0/firebase-auth/cordova.js","auth/web-extension":"https://www.gstatic.com/firebasejs/10.10.0/firebase-auth/web-extension.js","functions":"https://www.gstatic.com/firebasejs/10.10.0/firebase-functions.js","firestore":"https://www.gstatic.com/firebasejs/10.10.0/firebase-firestore.js","firestore/lite":"https://www.gstatic.com/firebasejs/10.10.0/firebase-firestore/lite.js","installations":"https://www.gstatic.com/firebasejs/10.10.0/firebase-installations.js","storage":"https://www.gstatic.com/firebasejs/10.10.0/firebase-storage.js","performance":"https://www.gstatic.com/firebasejs/10.10.0/firebase-performance.js","remote-config":"https://www.gstatic.com/firebasejs/10.10.0/firebase-remote-config.js","messaging":"https://www.gstatic.com/firebasejs/10.10.0/firebase-messaging.js","messaging/sw":"https://www.gstatic.com/firebasejs/10.10.0/firebase-messaging/sw.js","database":"https://www.gstatic.com/firebasejs/10.10.0/firebase-database.js","firestore.memory":"https://www.gstatic.com/firebasejs/10.10.0/firebase-firestore.memory.js"}}
[info] i  Skipping write of public/index.html 
[info] 
[info] i  Detected a .git folder at C:\Users\bogda\Desktop\iap\web dev zero to mastery\E-commerceSite\clothesforall 
[info] i  Authorizing with GitHub to upload your service account to a GitHub repository's secrets store. 
[info] 
[info] Visit this URL on this device to log in:
[info] https://github.com/login/oauth/authorize?client_id=89cf50f02ac6aaed3484&state=888630132&redirect_uri=http%3A%2F%2Flocalhost%3A9005&scope=read%3Auser%20repo%20public_repo
[info] 
[info] Waiting for authentication...
